2025-11-26 21:00:49,294 INFO o.a.j.u.JMeterUtils: Setting Locale to en_EN
2025-11-26 21:00:49,367 INFO o.a.j.JMeter: Loading user properties from: C:\apache-jmeter-5.6.3\apache-jmeter-5.6.3\bin\user.properties
2025-11-26 21:00:49,396 INFO o.a.j.JMeter: Loading system properties from: C:\apache-jmeter-5.6.3\apache-jmeter-5.6.3\bin\system.properties
2025-11-26 21:00:49,413 INFO o.a.j.JMeter: Copyright (c) 1998-2024 The Apache Software Foundation
2025-11-26 21:00:49,413 INFO o.a.j.JMeter: Version 5.6.3
2025-11-26 21:00:49,413 INFO o.a.j.JMeter: java.version=17.0.12
2025-11-26 21:00:49,413 INFO o.a.j.JMeter: java.vm.name=Java HotSpot(TM) 64-Bit Server VM
2025-11-26 21:00:49,413 INFO o.a.j.JMeter: os.name=Windows 11
2025-11-26 21:00:49,414 INFO o.a.j.JMeter: os.arch=amd64
2025-11-26 21:00:49,414 INFO o.a.j.JMeter: os.version=10.0
2025-11-26 21:00:49,414 INFO o.a.j.JMeter: file.encoding=Cp1252
2025-11-26 21:00:49,414 INFO o.a.j.JMeter: java.awt.headless=true
2025-11-26 21:00:49,414 INFO o.a.j.JMeter: Max memory     =1073741824
2025-11-26 21:00:49,414 INFO o.a.j.JMeter: Available Processors =8
2025-11-26 21:00:49,425 INFO o.a.j.JMeter: Default Locale=English (EN)
2025-11-26 21:00:49,425 INFO o.a.j.JMeter: JMeter  Locale=English (EN)
2025-11-26 21:00:49,425 INFO o.a.j.JMeter: JMeterHome=C:\apache-jmeter-5.6.3\apache-jmeter-5.6.3
2025-11-26 21:00:49,425 INFO o.a.j.JMeter: user.dir  =C:\Users\MAILS\OneDrive\Desktop\JMeterTestResultsAccelerator_Working19thNov - LIVETEST
2025-11-26 21:00:49,425 INFO o.a.j.JMeter: PWD       =C:\Users\MAILS\OneDrive\Desktop\JMeterTestResultsAccelerator_Working19thNov - LIVETEST
2025-11-26 21:00:49,436 INFO o.a.j.JMeter: IP: 192.168.0.19 Name: SiddharthMathur FullName: SiddharthMathur
2025-11-26 21:00:49,466 INFO o.a.j.s.FileServer: Default base='C:\Users\MAILS\OneDrive\Desktop\JMeterTestResultsAccelerator_Working19thNov - LIVETEST'
2025-11-26 21:00:49,466 INFO o.a.j.s.FileServer: Set new base='C:\Users\MAILS\OneDrive\Desktop\JMeterTestResultsAccelerator_Working19thNov - LIVETEST\uploads\run_711e06d7'
2025-11-26 21:00:49,829 INFO o.a.j.s.SaveService: Testplan (JMX) version: 2.2. Testlog (JTL) version: 2.2
2025-11-26 21:00:49,928 INFO o.a.j.s.SaveService: Using SaveService properties version 5.0
2025-11-26 21:00:49,933 INFO o.a.j.s.SaveService: Using SaveService properties file encoding UTF-8
2025-11-26 21:00:49,933 INFO o.a.j.s.SaveService: Loading file: uploads\run_711e06d7\SimpleScript.jmx
2025-11-26 21:00:50,059 INFO o.a.j.p.h.s.HTTPSamplerBase: Parser for text/html is org.apache.jmeter.protocol.http.parser.LagartoBasedHtmlParser
2025-11-26 21:00:50,059 INFO o.a.j.p.h.s.HTTPSamplerBase: Parser for application/xhtml+xml is org.apache.jmeter.protocol.http.parser.LagartoBasedHtmlParser
2025-11-26 21:00:50,059 INFO o.a.j.p.h.s.HTTPSamplerBase: Parser for application/xml is org.apache.jmeter.protocol.http.parser.LagartoBasedHtmlParser
2025-11-26 21:00:50,059 INFO o.a.j.p.h.s.HTTPSamplerBase: Parser for text/xml is org.apache.jmeter.protocol.http.parser.LagartoBasedHtmlParser
2025-11-26 21:00:50,059 INFO o.a.j.p.h.s.HTTPSamplerBase: Parser for text/vnd.wap.wml is org.apache.jmeter.protocol.http.parser.RegexpHTMLParser
2025-11-26 21:00:50,059 INFO o.a.j.p.h.s.HTTPSamplerBase: Parser for text/css is org.apache.jmeter.protocol.http.parser.CssParser
2025-11-26 21:00:50,154 INFO o.a.j.JMeter: Creating summariser <summary>
2025-11-26 21:00:50,170 INFO o.a.j.e.StandardJMeterEngine: Running the test!
2025-11-26 21:00:50,170 INFO o.a.j.s.SampleEvent: List of sample_variables: []
2025-11-26 21:00:50,170 INFO o.a.j.s.SampleEvent: List of sample_variables: []
2025-11-26 21:00:50,186 INFO o.a.j.e.u.CompoundVariable: Note: Function class names must contain the string: '.functions.'
2025-11-26 21:00:50,186 INFO o.a.j.e.u.CompoundVariable: Note: Function class names must not contain the string: '.gui.'
2025-11-26 21:00:50,319 INFO o.a.j.r.ClassFinder: Will scan jar C:\apache-jmeter-5.6.3\apache-jmeter-5.6.3\lib\ext\jmeter-plugins-casutg-3.1.1.jar with filter ExtendsClassFilter [parents=[interface org.apache.jmeter.functions.Function], inner=false, contains=null, notContains=null]. Consider exposing JMeter plugins via META-INF/services, and add JMeter-Skip-Class-Scanning=true manifest attribute so JMeter can skip classfile scanning
2025-11-26 21:00:50,345 INFO o.a.j.r.ClassFinder: Will scan jar C:\apache-jmeter-5.6.3\apache-jmeter-5.6.3\lib\ext\validatetg-1.0.1.jar with filter ExtendsClassFilter [parents=[interface org.apache.jmeter.functions.Function], inner=false, contains=null, notContains=null]. Consider exposing JMeter plugins via META-INF/services, and add JMeter-Skip-Class-Scanning=true manifest attribute so JMeter can skip classfile scanning
2025-11-26 21:00:50,360 INFO o.a.j.r.ClassFinder: Will scan jar C:\apache-jmeter-5.6.3\apache-jmeter-5.6.3\lib\ext\jmeter-plugins-manager-1.11.jar with filter ExtendsClassFilter [parents=[interface org.apache.jmeter.functions.Function], inner=false, contains=null, notContains=null]. Consider exposing JMeter plugins via META-INF/services, and add JMeter-Skip-Class-Scanning=true manifest attribute so JMeter can skip classfile scanning
2025-11-26 21:00:50,593 INFO o.a.j.JMeter: Running test (1764190850593)
2025-11-26 21:00:50,642 INFO o.a.j.e.StandardJMeterEngine: Starting ThreadGroup: 1 : jp@gc - Ultimate Thread Group
2025-11-26 21:00:50,642 INFO o.a.j.e.StandardJMeterEngine: Starting 10 threads for group jp@gc - Ultimate Thread Group.
2025-11-26 21:00:50,642 INFO o.a.j.e.StandardJMeterEngine: Thread will continue on error
2025-11-26 21:00:50,642 INFO k.a.j.t.AbstractSimpleThreadGroup: Starting thread group number 1 threads 10
2025-11-26 21:00:50,658 INFO k.a.j.t.AbstractSimpleThreadGroup: Started thread group number 1
2025-11-26 21:00:50,658 INFO o.a.j.e.StandardJMeterEngine: All thread groups have been started
2025-11-26 21:01:00,645 INFO o.a.j.t.JMeterThread: Thread started: jp@gc - Ultimate Thread Group 1-10
2025-11-26 21:01:00,691 INFO o.a.j.p.h.s.HTTPHCAbstractImpl: Local host = SiddharthMathur
2025-11-26 21:01:00,707 INFO o.a.j.p.h.s.HTTPHC4Impl: HTTP request retry count = 0
2025-11-26 21:01:00,707 INFO o.a.j.s.SampleResult: Note: Sample TimeStamps are START times
2025-11-26 21:01:00,707 INFO o.a.j.s.SampleResult: sampleresult.default.encoding is set to UTF-8
2025-11-26 21:01:00,707 INFO o.a.j.s.SampleResult: sampleresult.useNanoTime=true
2025-11-26 21:01:00,707 INFO o.a.j.s.SampleResult: sampleresult.nanoThreadSleep=5000
2025-11-26 21:01:00,913 INFO o.a.j.p.h.s.h.LazyLayeredConnectionSocketFactory: Setting up HTTPS TrustAll Socket Factory
2025-11-26 21:01:00,926 INFO o.a.j.u.JsseSSLManager: Using default SSL protocol: TLS
2025-11-26 21:01:00,926 INFO o.a.j.u.JsseSSLManager: SSL session context: per-thread
2025-11-26 21:01:01,324 INFO o.a.j.u.SSLManager: JmeterKeyStore Location:  type JKS
2025-11-26 21:01:01,324 INFO o.a.j.u.SSLManager: KeyStore created OK
2025-11-26 21:01:01,324 WARN o.a.j.u.SSLManager: Keystore file not found, loading empty keystore
2025-11-26 21:01:02,229 INFO o.a.j.r.Summariser: summary +      1 in 00:00:12 =    0.1/s Avg:  1365 Min:  1365 Max:  1365 Err:     0 (0.00%) Active: 1 Started: 1 Finished: 0
2025-11-26 21:01:10,650 INFO o.a.j.t.JMeterThread: Thread started: jp@gc - Ultimate Thread Group 1-9
2025-11-26 21:01:20,654 INFO o.a.j.t.JMeterThread: Thread started: jp@gc - Ultimate Thread Group 1-8
2025-11-26 21:01:30,647 INFO o.a.j.t.JMeterThread: Thread started: jp@gc - Ultimate Thread Group 1-7
2025-11-26 21:01:31,112 INFO o.a.j.r.Summariser: summary +     23 in 00:00:29 =    0.8/s Avg:   546 Min:   529 Max:   608 Err:     0 (0.00%) Active: 4 Started: 4 Finished: 0
2025-11-26 21:01:31,112 INFO o.a.j.r.Summariser: summary =     24 in 00:00:41 =    0.6/s Avg:   580 Min:   529 Max:  1365 Err:     0 (0.00%)
2025-11-26 21:01:40,643 INFO o.a.j.t.JMeterThread: Thread started: jp@gc - Ultimate Thread Group 1-6
2025-11-26 21:01:50,649 INFO o.a.j.t.JMeterThread: Thread started: jp@gc - Ultimate Thread Group 1-5
2025-11-26 21:02:00,326 INFO o.a.j.r.Summariser: summary +     58 in 00:00:29 =    2.0/s Avg:   540 Min:   523 Max:   594 Err:     0 (0.00%) Active: 6 Started: 6 Finished: 0
2025-11-26 21:02:00,326 INFO o.a.j.r.Summariser: summary =     82 in 00:01:10 =    1.2/s Avg:   552 Min:   523 Max:  1365 Err:     0 (0.00%)
2025-11-26 21:02:00,658 INFO o.a.j.t.JMeterThread: Thread started: jp@gc - Ultimate Thread Group 1-4
2025-11-26 21:02:10,648 INFO o.a.j.t.JMeterThread: Thread started: jp@gc - Ultimate Thread Group 1-3
2025-11-26 21:02:20,654 INFO o.a.j.t.JMeterThread: Thread started: jp@gc - Ultimate Thread Group 1-2
2025-11-26 21:02:30,419 INFO o.a.j.r.Summariser: summary +     92 in 00:00:30 =    3.1/s Avg:   546 Min:   520 Max:   929 Err:     0 (0.00%) Active: 9 Started: 9 Finished: 0
2025-11-26 21:02:30,426 INFO o.a.j.r.Summariser: summary =    174 in 00:01:40 =    1.7/s Avg:   549 Min:   520 Max:  1365 Err:     0 (0.00%)
2025-11-26 21:02:30,657 INFO o.a.j.t.JMeterThread: Thread started: jp@gc - Ultimate Thread Group 1-1
2025-11-26 21:03:00,186 INFO o.a.j.r.Summariser: summary +    115 in 00:00:30 =    3.9/s Avg:   539 Min:   517 Max:   632 Err:     0 (0.00%) Active: 10 Started: 10 Finished: 0
2025-11-26 21:03:00,186 INFO o.a.j.r.Summariser: summary =    289 in 00:02:10 =    2.2/s Avg:   545 Min:   517 Max:  1365 Err:     0 (0.00%)
2025-11-26 21:03:30,026 INFO o.a.j.r.Summariser: summary +    114 in 00:00:30 =    3.8/s Avg:   541 Min:   516 Max:   630 Err:     0 (0.00%) Active: 10 Started: 10 Finished: 0
2025-11-26 21:03:30,026 INFO o.a.j.r.Summariser: summary =    403 in 00:02:39 =    2.5/s Avg:   544 Min:   516 Max:  1365 Err:     0 (0.00%)
2025-11-26 21:04:00,096 INFO o.a.j.r.Summariser: summary +    116 in 00:00:30 =    3.9/s Avg:   537 Min:   508 Max:   587 Err:     0 (0.00%) Active: 10 Started: 10 Finished: 0
2025-11-26 21:04:00,096 INFO o.a.j.r.Summariser: summary =    519 in 00:03:10 =    2.7/s Avg:   542 Min:   508 Max:  1365 Err:     0 (0.00%)
2025-11-26 21:04:30,440 INFO o.a.j.r.Summariser: summary +    115 in 00:00:30 =    3.8/s Avg:   529 Min:   505 Max:   603 Err:     0 (0.00%) Active: 10 Started: 10 Finished: 0
2025-11-26 21:04:30,455 INFO o.a.j.r.Summariser: summary =    634 in 00:03:40 =    2.9/s Avg:   540 Min:   505 Max:  1365 Err:     0 (0.00%)
2025-11-26 21:05:00,918 INFO o.a.j.r.Summariser: summary +    117 in 00:00:30 =    3.8/s Avg:   533 Min:   503 Max:   611 Err:     0 (0.00%) Active: 10 Started: 10 Finished: 0
2025-11-26 21:05:00,918 INFO o.a.j.r.Summariser: summary =    751 in 00:04:10 =    3.0/s Avg:   539 Min:   503 Max:  1365 Err:     0 (0.00%)
2025-11-26 21:05:30,340 INFO o.a.j.r.Summariser: summary +    113 in 00:00:29 =    3.8/s Avg:   530 Min:   501 Max:   634 Err:     0 (0.00%) Active: 10 Started: 10 Finished: 0
2025-11-26 21:05:30,340 INFO o.a.j.r.Summariser: summary =    864 in 00:04:40 =    3.1/s Avg:   538 Min:   501 Max:  1365 Err:     0 (0.00%)
2025-11-26 21:06:00,514 INFO o.a.j.r.Summariser: summary +    117 in 00:00:30 =    3.9/s Avg:   533 Min:   503 Max:   748 Err:     0 (0.00%) Active: 10 Started: 10 Finished: 0
2025-11-26 21:06:00,514 INFO o.a.j.r.Summariser: summary =    981 in 00:05:10 =    3.2/s Avg:   537 Min:   501 Max:  1365 Err:     0 (0.00%)
2025-11-26 21:06:30,195 INFO o.a.j.r.Summariser: summary +    113 in 00:00:30 =    3.8/s Avg:   541 Min:   502 Max:   771 Err:     0 (0.00%) Active: 10 Started: 10 Finished: 0
2025-11-26 21:06:30,195 INFO o.a.j.r.Summariser: summary =   1094 in 00:05:40 =    3.2/s Avg:   537 Min:   501 Max:  1365 Err:     0 (0.00%)
2025-11-26 21:07:00,243 INFO o.a.j.r.Summariser: summary +    117 in 00:00:30 =    3.9/s Avg:   536 Min:   502 Max:   797 Err:     0 (0.00%) Active: 10 Started: 10 Finished: 0
2025-11-26 21:07:00,243 INFO o.a.j.r.Summariser: summary =   1211 in 00:06:10 =    3.3/s Avg:   537 Min:   501 Max:  1365 Err:     0 (0.00%)
2025-11-26 21:07:30,109 INFO o.a.j.r.Summariser: summary +    113 in 00:00:30 =    3.8/s Avg:   535 Min:   503 Max:   680 Err:     0 (0.00%) Active: 10 Started: 10 Finished: 0
2025-11-26 21:07:30,109 INFO o.a.j.r.Summariser: summary =   1324 in 00:06:40 =    3.3/s Avg:   537 Min:   501 Max:  1365 Err:     0 (0.00%)
2025-11-26 21:08:00,476 INFO o.a.j.r.Summariser: summary +    118 in 00:00:30 =    3.9/s Avg:   533 Min:   502 Max:   958 Err:     0 (0.00%) Active: 10 Started: 10 Finished: 0
2025-11-26 21:08:00,476 INFO o.a.j.r.Summariser: summary =   1442 in 00:07:10 =    3.4/s Avg:   537 Min:   501 Max:  1365 Err:     0 (0.00%)
2025-11-26 21:08:30,050 INFO o.a.j.r.Summariser: summary +    116 in 00:00:30 =    3.9/s Avg:   525 Min:   498 Max:   644 Err:     0 (0.00%) Active: 10 Started: 10 Finished: 0
2025-11-26 21:09:00,392 INFO o.a.j.r.Summariser: summary +    111 in 00:00:30 =    3.7/s Avg:   396 Min:   349 Max:   604 Err:     0 (0.00%) Active: 10 Started: 10 Finished: 0
2025-11-26 21:09:30,269 INFO o.a.j.r.Summariser: summary +     97 in 00:00:30 =    3.2/s Avg:   380 Min:   348 Max:   455 Err:     0 (0.00%) Active: 10 Started: 10 Finished: 0
2025-11-26 21:10:00,469 INFO o.a.j.r.Summariser: summary +     86 in 00:00:30 =    2.8/s Avg:   373 Min:   349 Max:   438 Err:     0 (0.00%) Active: 10 Started: 10 Finished: 0
2025-11-26 21:10:30,077 INFO o.a.j.r.Summariser: summary +     74 in 00:00:30 =    2.5/s Avg:   380 Min:   351 Max:   522 Err:     0 (0.00%) Active: 10 Started: 10 Finished: 0
2025-11-26 21:11:00,966 INFO o.a.j.r.Summariser: summary +     64 in 00:00:31 =    2.1/s Avg:   377 Min:   348 Max:   439 Err:     0 (0.00%) Active: 10 Started: 10 Finished: 0
2025-11-26 21:11:31,134 INFO o.a.j.r.Summariser: summary +     49 in 00:00:30 =    1.6/s Avg:   372 Min:   351 Max:   444 Err:     0 (0.00%) Active: 10 Started: 10 Finished: 0
2025-11-26 21:12:00,572 INFO o.a.j.r.Summariser: summary +     37 in 00:00:29 =    1.3/s Avg:   385 Min:   351 Max:   494 Err:     0 (0.00%) Active: 10 Started: 10 Finished: 0
2025-11-26 21:12:32,311 INFO o.a.j.r.Summariser: summary +     27 in 00:00:32 =    0.9/s Avg:   372 Min:   346 Max:   428 Err:     0 (0.00%) Active: 10 Started: 10 Finished: 0
2025-11-26 21:12:34,815 INFO o.a.j.t.JMeterThread: Stopping because end time detected by thread: jp@gc - Ultimate Thread Group 1-7
2025-11-26 21:12:34,815 INFO o.a.j.t.JMeterThread: Thread finished: jp@gc - Ultimate Thread Group 1-7
